[2025-04-16T04:10:17.734Z] Starting Google Sheet parsing job...
[2025-04-16T04:10:17.735Z] Fetching data from Google Sheet...
[2025-04-16T04:10:18.863Z] Found 232 rows with blank Column D
[2025-04-16T04:10:18.864Z] Found 0 rows with flagged Column D
[2025-04-16T04:10:18.864Z] Processing 232 empty rows...
[2025-04-16T04:22:09.638Z] Uncaught exception: Page.addScriptToEvaluateOnNewDocument timed out. Increase the 'protocolTimeout' setting in launch/connect calls for a higher timeout if needed.
[2025-04-16T08:26:55.825Z] Starting Google Sheet parsing job...
[2025-04-16T08:26:55.827Z] Fetching data from Google Sheet...
[2025-04-16T08:26:57.081Z] Found 0 rows with blank Column D
[2025-04-16T08:26:57.082Z] Found 0 rows with flagged Column D
[2025-04-16T08:26:57.082Z] No empty rows found, skipping processing.
[2025-04-16T08:26:57.082Z] No flagged rows found, skipping processing.
[2025-04-16T08:26:57.083Z] Job completed successfully
[2025-04-16T08:26:57.083Z] Summary:
    - Processed 0 empty rows (0 remaining)
    - Processed 0 flagged rows (0 remaining)
[2025-04-16T08:27:31.735Z] Starting Google Sheet parsing job...
[2025-04-16T08:27:31.737Z] Fetching data from Google Sheet...
[2025-04-16T08:27:32.723Z] Found 232 rows with blank Column D
[2025-04-16T08:27:32.724Z] Found 0 rows with flagged Column D
[2025-04-16T08:27:32.724Z] Processing 10 empty rows (232 total available)
[2025-04-16T08:33:01.922Z] No flagged rows found, skipping processing.
[2025-04-16T08:33:01.923Z] Job completed successfully
[2025-04-16T08:33:01.923Z] Summary:
    - Processed 10 empty rows (222 remaining)
    - Processed 0 flagged rows (0 remaining)
[2025-04-16T10:09:01.764Z] Starting Google Sheet parsing job...
[2025-04-16T10:09:01.767Z] Fetching data from Google Sheet...
[2025-04-16T10:09:02.890Z] Found 222 rows with blank Column D
[2025-04-16T10:09:02.890Z] Found 2 rows with flagged Column D
[2025-04-16T10:09:02.891Z] Processing 10 empty rows (222 total available)
[2025-04-16T10:16:23.832Z] Processing 2 flagged rows (2 total available)
[2025-04-16T10:17:30.446Z] Job completed successfully
[2025-04-16T10:17:30.447Z] Summary:
    - Processed 10 empty rows (212 remaining)
    - Processed 2 flagged rows (0 remaining)
